Info: Starting: Create block symbol file (.bsf)
Info: qsys-generate /home/z/Desktop/pico_axilite_qsys/pico_qsys.qsys --block-symbol-file --output-directory=/home/z/Desktop/pico_axilite_qsys/pico_qsys --family="MAX 10" --part=10M08SAM153C8G
Progress: Loading pico_axilite_qsys/pico_qsys.qsys
Progress: Reading input file
Progress: Adding clk_0 [clock_source 16.0]
Progress: Parameterizing module clk_0
Progress: Adding onchip_memory2_0 [altera_avalon_onchip_memory2 16.0]
Progress: Parameterizing module onchip_memory2_0
Progress: Adding onchip_memory2_1 [altera_avalon_onchip_memory2 16.0]
Progress: Parameterizing module onchip_memory2_1
Progress: Adding pico_axilite_0 [pico_axilite 1.0]
Progress: Parameterizing module pico_axilite_0
Progress: Adding pio_0 [altera_avalon_pio 16.0]
Progress: Parameterizing module pio_0
Progress: Adding uart_0 [altera_avalon_uart 16.0]
Progress: Parameterizing module uart_0
Progress: Building connections
Progress: Parameterizing connections
Progress: Validating
Progress: Done reading input file
Warning: pico_qsys.pico_axilite_0: pico_axilite_0.conduit_end_0 must be exported, or connected to a matching conduit.
Info: qsys-generate succeeded.
Info: Finished: Create block symbol file (.bsf)
Info: 
Info: Starting: Create HDL design files for synthesis
Info: qsys-generate /home/z/Desktop/pico_axilite_qsys/pico_qsys.qsys --synthesis=VERILOG --output-directory=/home/z/Desktop/pico_axilite_qsys/pico_qsys/synthesis --family="MAX 10" --part=10M08SAM153C8G
Progress: Loading pico_axilite_qsys/pico_qsys.qsys
Progress: Reading input file
Progress: Adding clk_0 [clock_source 16.0]
Progress: Parameterizing module clk_0
Progress: Adding onchip_memory2_0 [altera_avalon_onchip_memory2 16.0]
Progress: Parameterizing module onchip_memory2_0
Progress: Adding onchip_memory2_1 [altera_avalon_onchip_memory2 16.0]
Progress: Parameterizing module onchip_memory2_1
Progress: Adding pico_axilite_0 [pico_axilite 1.0]
Progress: Parameterizing module pico_axilite_0
Progress: Adding pio_0 [altera_avalon_pio 16.0]
Progress: Parameterizing module pio_0
Progress: Adding uart_0 [altera_avalon_uart 16.0]
Progress: Parameterizing module uart_0
Progress: Building connections
Progress: Parameterizing connections
Progress: Validating
Progress: Done reading input file
Warning: pico_qsys.pico_axilite_0: pico_axilite_0.conduit_end_0 must be exported, or connected to a matching conduit.
Info: pico_qsys: Generating pico_qsys "pico_qsys" for QUARTUS_SYNTH
Info: onchip_memory2_0: Starting RTL generation for module 'pico_qsys_onchip_memory2_0'
Info: onchip_memory2_0:   Generation command is [exec /home/z/altera_lite/16.0/quartus/linux64/perl/bin/perl -I /home/z/altera_lite/16.0/quartus/linux64/perl/lib -I /home/z/altera_lite/16.0/quartus/sopc_builder/bin/europa -I /home/z/altera_lite/16.0/quartus/sopc_builder/bin/perl_lib -I /home/z/altera_lite/16.0/quartus/sopc_builder/bin -I /home/z/altera_lite/16.0/quartus/../ip/altera/sopc_builder_ip/common -I /home/z/altera_lite/16.0/quartus/../ip/altera/sopc_builder_ip/altera_avalon_onchip_memory2 -- /home/z/altera_lite/16.0/quartus/../ip/altera/sopc_builder_ip/altera_avalon_onchip_memory2/generate_rtl.pl --name=pico_qsys_onchip_memory2_0 --dir=/tmp/alt7965_155578021146318846.dir/0001_onchip_memory2_0_gen/ --quartus_dir=/home/z/altera_lite/16.0/quartus --verilog --config=/tmp/alt7965_155578021146318846.dir/0001_onchip_memory2_0_gen//pico_qsys_onchip_memory2_0_component_configuration.pl  --do_build_sim=0  ]
Info: onchip_memory2_0: Done RTL generation for module 'pico_qsys_onchip_memory2_0'
Info: onchip_memory2_0: "pico_qsys" instantiated altera_avalon_onchip_memory2 "onchip_memory2_0"
Info: onchip_memory2_1: Starting RTL generation for module 'pico_qsys_onchip_memory2_1'
Info: onchip_memory2_1:   Generation command is [exec /home/z/altera_lite/16.0/quartus/linux64/perl/bin/perl -I /home/z/altera_lite/16.0/quartus/linux64/perl/lib -I /home/z/altera_lite/16.0/quartus/sopc_builder/bin/europa -I /home/z/altera_lite/16.0/quartus/sopc_builder/bin/perl_lib -I /home/z/altera_lite/16.0/quartus/sopc_builder/bin -I /home/z/altera_lite/16.0/quartus/../ip/altera/sopc_builder_ip/common -I /home/z/altera_lite/16.0/quartus/../ip/altera/sopc_builder_ip/altera_avalon_onchip_memory2 -- /home/z/altera_lite/16.0/quartus/../ip/altera/sopc_builder_ip/altera_avalon_onchip_memory2/generate_rtl.pl --name=pico_qsys_onchip_memory2_1 --dir=/tmp/alt7965_155578021146318846.dir/0002_onchip_memory2_1_gen/ --quartus_dir=/home/z/altera_lite/16.0/quartus --verilog --config=/tmp/alt7965_155578021146318846.dir/0002_onchip_memory2_1_gen//pico_qsys_onchip_memory2_1_component_configuration.pl  --do_build_sim=0  ]
Info: onchip_memory2_1: Done RTL generation for module 'pico_qsys_onchip_memory2_1'
Info: onchip_memory2_1: "pico_qsys" instantiated altera_avalon_onchip_memory2 "onchip_memory2_1"
Info: pico_axilite_0: "pico_qsys" instantiated pico_axilite "pico_axilite_0"
Info: pio_0: Starting RTL generation for module 'pico_qsys_pio_0'
Info: pio_0:   Generation command is [exec /home/z/altera_lite/16.0/quartus/linux64/perl/bin/perl -I /home/z/altera_lite/16.0/quartus/linux64/perl/lib -I /home/z/altera_lite/16.0/quartus/sopc_builder/bin/europa -I /home/z/altera_lite/16.0/quartus/sopc_builder/bin/perl_lib -I /home/z/altera_lite/16.0/quartus/sopc_builder/bin -I /home/z/altera_lite/16.0/quartus/../ip/altera/sopc_builder_ip/common -I /home/z/altera_lite/16.0/quartus/../ip/altera/sopc_builder_ip/altera_avalon_pio -- /home/z/altera_lite/16.0/quartus/../ip/altera/sopc_builder_ip/altera_avalon_pio/generate_rtl.pl --name=pico_qsys_pio_0 --dir=/tmp/alt7965_155578021146318846.dir/0004_pio_0_gen/ --quartus_dir=/home/z/altera_lite/16.0/quartus --verilog --config=/tmp/alt7965_155578021146318846.dir/0004_pio_0_gen//pico_qsys_pio_0_component_configuration.pl  --do_build_sim=0  ]
Info: pio_0: Done RTL generation for module 'pico_qsys_pio_0'
Info: pio_0: "pico_qsys" instantiated altera_avalon_pio "pio_0"
Info: uart_0: Starting RTL generation for module 'pico_qsys_uart_0'
Info: uart_0:   Generation command is [exec /home/z/altera_lite/16.0/quartus/linux64/perl/bin/perl -I /home/z/altera_lite/16.0/quartus/linux64/perl/lib -I /home/z/altera_lite/16.0/quartus/sopc_builder/bin/europa -I /home/z/altera_lite/16.0/quartus/sopc_builder/bin/perl_lib -I /home/z/altera_lite/16.0/quartus/sopc_builder/bin -I /home/z/altera_lite/16.0/quartus/../ip/altera/sopc_builder_ip/common -I /home/z/altera_lite/16.0/quartus/../ip/altera/sopc_builder_ip/altera_avalon_uart -- /home/z/altera_lite/16.0/quartus/../ip/altera/sopc_builder_ip/altera_avalon_uart/generate_rtl.pl --name=pico_qsys_uart_0 --dir=/tmp/alt7965_155578021146318846.dir/0005_uart_0_gen/ --quartus_dir=/home/z/altera_lite/16.0/quartus --verilog --config=/tmp/alt7965_155578021146318846.dir/0005_uart_0_gen//pico_qsys_uart_0_component_configuration.pl  --do_build_sim=0  ]
Info: uart_0: Done RTL generation for module 'pico_qsys_uart_0'
Info: uart_0: "pico_qsys" instantiated altera_avalon_uart "uart_0"
Info: avalon_st_adapter: Inserting error_adapter: error_adapter_0
Info: avalon_st_adapter_001: Inserting error_adapter: error_adapter_0
Info: avalon_st_adapter_002: Inserting error_adapter: error_adapter_0
Info: avalon_st_adapter_003: Inserting error_adapter: error_adapter_0
Info: mm_interconnect_0: "pico_qsys" instantiated altera_mm_interconnect "mm_interconnect_0"
Info: irq_mapper: "pico_qsys" instantiated altera_irq_mapper "irq_mapper"
Info: rst_controller: "pico_qsys" instantiated altera_reset_controller "rst_controller"
Info: onchip_memory2_0_s1_translator: "mm_interconnect_0" instantiated altera_merlin_slave_translator "onchip_memory2_0_s1_translator"
Info: pico_axilite_0_altera_axi4lite_master_agent: "mm_interconnect_0" instantiated altera_merlin_axi_master_ni "pico_axilite_0_altera_axi4lite_master_agent"
Info: onchip_memory2_0_s1_agent: "mm_interconnect_0" instantiated altera_merlin_slave_agent "onchip_memory2_0_s1_agent"
Info: onchip_memory2_0_s1_agent_rsp_fifo: "mm_interconnect_0" instantiated altera_avalon_sc_fifo "onchip_memory2_0_s1_agent_rsp_fifo"
Info: router: "mm_interconnect_0" instantiated altera_merlin_router "router"
Info: router_002: "mm_interconnect_0" instantiated altera_merlin_router "router_002"
Info: cmd_demux: "mm_interconnect_0" instantiated altera_merlin_demultiplexer "cmd_demux"
Info: cmd_mux: "mm_interconnect_0" instantiated altera_merlin_multiplexer "cmd_mux"
Info: rsp_demux: "mm_interconnect_0" instantiated altera_merlin_demultiplexer "rsp_demux"
Info: rsp_mux: "mm_interconnect_0" instantiated altera_merlin_multiplexer "rsp_mux"
Info: Reusing file /home/z/Desktop/pico_axilite_qsys/pico_qsys/synthesis/submodules/altera_merlin_arbitrator.sv
Info: avalon_st_adapter: "mm_interconnect_0" instantiated altera_avalon_st_adapter "avalon_st_adapter"
Info: error_adapter_0: "avalon_st_adapter" instantiated error_adapter "error_adapter_0"
Info: pico_qsys: Done "pico_qsys" with 21 modules, 28 files
Info: qsys-generate succeeded.
Info: Finished: Create HDL design files for synthesis
