Flow report for pico_simpleuart
Wed Mar 13 16:59:28 2019
Quartus Prime Version 18.1.0 Build 625 09/12/2018 SJ Standard Edition


---------------------
; Table of Contents ;
---------------------
  1. Legal Notice
  2. Flow Summary
  3. Flow Settings
  4. Flow Non-Default Global Settings
  5. Flow Elapsed Time
  6. Flow OS Summary
  7. Flow Log
  8. Flow Messages
  9. Flow Suppressed Messages



----------------
; Legal Notice ;
----------------
Copyright (C) 2018  Intel Corporation. All rights reserved.
Your use of Intel Corporation's design tools, logic functions 
and other software and tools, and its AMPP partner logic 
functions, and any output files from any of the foregoing 
(including device programming or simulation files), and any 
associated documentation or information are expressly subject 
to the terms and conditions of the Intel Program License 
Subscription Agreement, the Intel Quartus Prime License Agreement,
the Intel FPGA IP License Agreement, or other applicable license
agreement, including, without limitation, that your use is for
the sole purpose of programming logic devices manufactured by
Intel and sold by Intel or its authorized distributors.  Please
refer to the applicable agreement for further details.



+--------------------------------------------------------------------------------------+
; Flow Summary                                                                         ;
+------------------------------------+-------------------------------------------------+
; Flow Status                        ; Successful - Wed Mar 13 16:59:28 2019           ;
; Quartus Prime Version              ; 18.1.0 Build 625 09/12/2018 SJ Standard Edition ;
; Revision Name                      ; pico_simpleuart                                 ;
; Top-level Entity Name              ; picosoc                                         ;
; Family                             ; MAX 10                                          ;
; Device                             ; 10M08SAM153C8G                                  ;
; Timing Models                      ; Final                                           ;
; Total logic elements               ; 3,869 / 8,064 ( 48 % )                          ;
;     Total combinational functions  ; 3,743 / 8,064 ( 46 % )                          ;
;     Dedicated logic registers      ; 1,428 / 8,064 ( 18 % )                          ;
; Total registers                    ; 1428                                            ;
; Total pins                         ; 30 / 112 ( 27 % )                               ;
; Total virtual pins                 ; 0                                               ;
; Total memory bits                  ; 264,192 / 387,072 ( 68 % )                      ;
; Embedded Multiplier 9-bit elements ; 0 / 48 ( 0 % )                                  ;
; Total PLLs                         ; 0 / 1 ( 0 % )                                   ;
; UFM blocks                         ; 0 / 1 ( 0 % )                                   ;
; ADC blocks                         ; 0 / 1 ( 0 % )                                   ;
+------------------------------------+-------------------------------------------------+


+-----------------------------------------+
; Flow Settings                           ;
+-------------------+---------------------+
; Option            ; Setting             ;
+-------------------+---------------------+
; Start date & time ; 03/13/2019 16:57:59 ;
; Main task         ; Compilation         ;
; Revision Name     ; pico_simpleuart     ;
+-------------------+---------------------+


+--------------------------------------------------------------------------------------------------------------------------------+
; Flow Non-Default Global Settings                                                                                               ;
+--------------------------------------+----------------------------------------+-----------------+-------------+----------------+
; Assignment Name                      ; Value                                  ; Default Value   ; Entity Name ; Section Id     ;
+--------------------------------------+----------------------------------------+-----------------+-------------+----------------+
; COMPILER_SIGNATURE_ID                ; 114379639520033.155246747913232        ; --              ; --          ; --             ;
; EDA_DESIGN_INSTANCE_NAME             ; NA                                     ; --              ; --          ; picosoc_tb     ;
; EDA_DESIGN_INSTANCE_NAME             ; NA                                     ; --              ; --          ; rom_tb         ;
; EDA_GENERATE_FUNCTIONAL_NETLIST      ; On                                     ; --              ; --          ; eda_simulation ;
; EDA_NATIVELINK_SIMULATION_TEST_BENCH ; picosoc_tb                             ; --              ; --          ; eda_simulation ;
; EDA_OUTPUT_DATA_FORMAT               ; Verilog Hdl                            ; --              ; --          ; eda_simulation ;
; EDA_SIMULATION_TOOL                  ; ModelSim-Altera (Verilog)              ; <None>          ; --          ; --             ;
; EDA_TEST_BENCH_ENABLE_STATUS         ; TEST_BENCH_MODE                        ; --              ; --          ; eda_simulation ;
; EDA_TEST_BENCH_FILE                  ; picosoc_tb.v                           ; --              ; --          ; picosoc_tb     ;
; EDA_TEST_BENCH_FILE                  ; rom_tb.v                               ; --              ; --          ; rom_tb         ;
; EDA_TEST_BENCH_MODULE_NAME           ; picosoc_tb                             ; --              ; --          ; picosoc_tb     ;
; EDA_TEST_BENCH_MODULE_NAME           ; rom_tb                                 ; --              ; --          ; rom_tb         ;
; EDA_TEST_BENCH_NAME                  ; picosoc_tb                             ; --              ; --          ; eda_simulation ;
; EDA_TEST_BENCH_NAME                  ; rom_tb                                 ; --              ; --          ; eda_simulation ;
; EDA_TIME_SCALE                       ; 1 ps                                   ; --              ; --          ; eda_simulation ;
; FLOW_ENABLE_POWER_ANALYZER           ; On                                     ; Off             ; --          ; --             ;
; MAX_CORE_JUNCTION_TEMP               ; 85                                     ; --              ; --          ; --             ;
; MIN_CORE_JUNCTION_TEMP               ; 0                                      ; --              ; --          ; --             ;
; MISC_FILE                            ; ip/rom_bb.v                            ; --              ; --          ; --             ;
; MISC_FILE                            ; ip/ram_bb.v                            ; --              ; --          ; --             ;
; OUTPUT_IO_TIMING_FAR_END_VMEAS       ; Half Signal Swing                      ; --              ; --          ; --             ;
; OUTPUT_IO_TIMING_FAR_END_VMEAS       ; Half Signal Swing                      ; --              ; --          ; --             ;
; OUTPUT_IO_TIMING_NEAR_END_VMEAS      ; Half Vccio                             ; --              ; --          ; --             ;
; OUTPUT_IO_TIMING_NEAR_END_VMEAS      ; Half Vccio                             ; --              ; --          ; --             ;
; PARTITION_COLOR                      ; -- (Not supported for targeted family) ; --              ; picosoc     ; Top            ;
; PARTITION_FITTER_PRESERVATION_LEVEL  ; -- (Not supported for targeted family) ; --              ; picosoc     ; Top            ;
; PARTITION_NETLIST_TYPE               ; -- (Not supported for targeted family) ; --              ; picosoc     ; Top            ;
; POWER_BOARD_THERMAL_MODEL            ; None (CONSERVATIVE)                    ; --              ; --          ; --             ;
; POWER_DEFAULT_INPUT_IO_TOGGLE_RATE   ; 12.5 %                                 ; 12.5%           ; --          ; --             ;
; POWER_PRESET_COOLING_SOLUTION        ; 23 MM HEAT SINK WITH 200 LFPM AIRFLOW  ; --              ; --          ; --             ;
; PROJECT_OUTPUT_DIRECTORY             ; output_files                           ; --              ; --          ; --             ;
; TOP_LEVEL_ENTITY                     ; picosoc                                ; pico_simpleuart ; --          ; --             ;
+--------------------------------------+----------------------------------------+-----------------+-------------+----------------+


+--------------------------------------------------------------------------------------------------------------------------+
; Flow Elapsed Time                                                                                                        ;
+----------------------+--------------+-------------------------+---------------------+------------------------------------+
; Module Name          ; Elapsed Time ; Average Processors Used ; Peak Virtual Memory ; Total CPU Time (on all processors) ;
+----------------------+--------------+-------------------------+---------------------+------------------------------------+
; Analysis & Synthesis ; 00:00:30     ; 1.0                     ; 4800 MB             ; 00:00:51                           ;
; Fitter               ; 00:00:28     ; 1.3                     ; 5409 MB             ; 00:00:40                           ;
; Assembler            ; 00:00:02     ; 1.0                     ; 4707 MB             ; 00:00:02                           ;
; Power Analyzer       ; 00:00:08     ; 1.5                     ; 4852 MB             ; 00:00:12                           ;
; Timing Analyzer      ; 00:00:09     ; 1.5                     ; 4823 MB             ; 00:00:12                           ;
; EDA Netlist Writer   ; 00:00:03     ; 1.0                     ; 4684 MB             ; 00:00:02                           ;
; Total                ; 00:01:20     ; --                      ; --                  ; 00:01:59                           ;
+----------------------+--------------+-------------------------+---------------------+------------------------------------+


+------------------------------------------------------------------------------------+
; Flow OS Summary                                                                    ;
+----------------------+------------------+------------+------------+----------------+
; Module Name          ; Machine Hostname ; OS Name    ; OS Version ; Processor type ;
+----------------------+------------------+------------+------------+----------------+
; Analysis & Synthesis ; Z-MIIX5          ; Windows 10 ; 10.0       ; x86_64         ;
; Fitter               ; Z-MIIX5          ; Windows 10 ; 10.0       ; x86_64         ;
; Assembler            ; Z-MIIX5          ; Windows 10 ; 10.0       ; x86_64         ;
; Power Analyzer       ; Z-MIIX5          ; Windows 10 ; 10.0       ; x86_64         ;
; Timing Analyzer      ; Z-MIIX5          ; Windows 10 ; 10.0       ; x86_64         ;
; EDA Netlist Writer   ; Z-MIIX5          ; Windows 10 ; 10.0       ; x86_64         ;
+----------------------+------------------+------------+------------+----------------+


------------
; Flow Log ;
------------
quartus_map --read_settings_files=on --write_settings_files=off pico_simpleuart -c pico_simpleuart
quartus_fit --read_settings_files=off --write_settings_files=off pico_simpleuart -c pico_simpleuart
quartus_asm --read_settings_files=off --write_settings_files=off pico_simpleuart -c pico_simpleuart
quartus_pow --read_settings_files=off --write_settings_files=off pico_simpleuart -c pico_simpleuart
quartus_sta pico_simpleuart -c pico_simpleuart
quartus_eda --read_settings_files=off --write_settings_files=off pico_simpleuart -c pico_simpleuart



